2025-07-13 21:50:18,474 - INFO - Configurando Chromium...
2025-07-13 21:50:18,474 - INFO - ====== WebDriver manager ======
2025-07-13 21:50:18,659 - INFO - Get LATEST chromedriver version for google-chrome
2025-07-13 21:50:18,817 - INFO - Get LATEST chromedriver version for google-chrome
2025-07-13 21:50:18,969 - INFO - There is no [linux64] chromedriver "138.0.7204.94" for browser google-chrome "138.0.7204" in cache
2025-07-13 21:50:18,970 - INFO - Get LATEST chromedriver version for google-chrome
2025-07-13 21:50:19,366 - INFO - WebDriver version 138.0.7204.94 selected
2025-07-13 21:50:19,373 - INFO - Modern chrome version https://storage.googleapis.com/chrome-for-testing-public/138.0.7204.94/linux64/chromedriver-linux64.zip
2025-07-13 21:50:19,374 - INFO - About to download new driver from https://storage.googleapis.com/chrome-for-testing-public/138.0.7204.94/linux64/chromedriver-linux64.zip
2025-07-13 21:50:19,591 - INFO - Driver downloading response is 200
2025-07-13 21:50:23,618 - INFO - Get LATEST chromedriver version for google-chrome
2025-07-13 21:50:23,971 - INFO - Driver has been saved in cache [/home/samuel/.wdm/drivers/chromedriver/linux64/138.0.7204.94]
2025-07-13 21:50:25,664 - INFO - Driver configurado exitosamente con chromium
2025-07-13 21:51:06,417 - INFO - Viendo stream de Elrubius sin login
2025-07-13 21:51:18,780 - ERROR - Error viendo stream: Message: no such window: target window already closed
from unknown error: web view not found
  (Session info: chrome=138.0.7204.92)
Stacktrace:
#0 0x5627ba82623a <unknown>
#1 0x5627ba2d0ab0 <unknown>
#2 0x5627ba2a57d0 <unknown>
#3 0x5627ba350488 <unknown>
#4 0x5627ba36d992 <unknown>
#5 0x5627ba347f73 <unknown>
#6 0x5627ba314aeb <unknown>
#7 0x5627ba315751 <unknown>
#8 0x5627ba7eab4b <unknown>
#9 0x5627ba7ee929 <unknown>
#10 0x5627ba7d1929 <unknown>
#11 0x5627ba7ef4e8 <unknown>
#12 0x5627ba7b60df <unknown>
#13 0x5627ba8138e8 <unknown>
#14 0x5627ba813ac6 <unknown>
#15 0x5627ba825556 <unknown>
#16 0x7fcd80c507eb <unknown>
#17 0x7fcd80cd418c <unknown>

2025-07-13 21:51:18,803 - INFO - Driver cerrado
2025-07-13 21:55:05,711 - INFO - Configurando Chromium...
2025-07-13 21:55:05,711 - INFO - ====== WebDriver manager ======
2025-07-13 21:55:06,049 - INFO - Get LATEST chromedriver version for google-chrome
2025-07-13 21:55:06,217 - INFO - Get LATEST chromedriver version for google-chrome
2025-07-13 21:55:06,368 - INFO - Driver [/home/samuel/.wdm/drivers/chromedriver/linux64/138.0.7204.94/chromedriver-linux64/chromedriver] found in cache
2025-07-13 21:55:09,024 - INFO - Driver configurado exitosamente con chromium
2025-07-13 21:56:30,056 - INFO - Viendo stream: https://kick.com/samutvv9 sin login
2025-07-13 21:56:48,706 - WARNING - Stream no está en vivo o no se encontró el indicador
2025-07-13 21:58:27,463 - INFO - Configurando Chromium...
2025-07-13 21:58:27,463 - INFO - ====== WebDriver manager ======
2025-07-13 21:58:27,691 - INFO - Get LATEST chromedriver version for google-chrome
2025-07-13 21:58:27,843 - INFO - Get LATEST chromedriver version for google-chrome
2025-07-13 21:58:27,996 - INFO - Driver [/home/samuel/.wdm/drivers/chromedriver/linux64/138.0.7204.94/chromedriver-linux64/chromedriver] found in cache
2025-07-13 21:58:29,423 - INFO - Terminó de ver el stream: https://kick.com/samutvv9
2025-07-13 21:58:29,707 - INFO - Driver cerrado
2025-07-13 21:58:30,703 - INFO - Driver configurado exitosamente con chromium
2025-07-13 21:58:41,769 - INFO - Viendo stream: https://kick.com/samutvv9 sin login
2025-07-13 21:59:05,880 - WARNING - Stream no está en vivo o no se encontró el indicador
2025-07-13 22:02:27,342 - WARNING - Retrying (Retry(total=2, connect=None, read=None, redirect=None, status=None)) after connection broken by 'ConnectionResetError(104, 'Connection reset by peer')': /session/1884ecfb073dbb66b524abdb7a153db9
2025-07-13 22:02:27,345 - WARNING - Retrying (Retry(total=1, connect=None, read=None, redirect=None, status=None)) after connection broken by 'NewConnectionError('<urllib3.connection.HTTPConnection object at 0x7f12c4230e10>: Failed to establish a new connection: [Errno 111] Connection refused')': /session/1884ecfb073dbb66b524abdb7a153db9
2025-07-13 22:02:27,346 - WARNING - Retrying (Retry(total=0, connect=None, read=None, redirect=None, status=None)) after connection broken by 'NewConnectionError('<urllib3.connection.HTTPConnection object at 0x7f12c2d08b90>: Failed to establish a new connection: [Errno 111] Connection refused')': /session/1884ecfb073dbb66b524abdb7a153db9
2025-07-13 22:02:27,347 - INFO - Driver cerrado
2025-07-13 22:03:10,680 - INFO - Configuración agregada para Bot_1: https://kick.com/samutvv9
2025-07-13 22:03:14,463 - INFO - Configuración agregada para Bot_2: https://kick.com/samutvv9
2025-07-13 22:03:18,399 - INFO - Configuración agregada para Bot_3: https://kick.com/samutvv9
2025-07-13 22:06:30,278 - INFO - Configuración agregada para Bot_1: https://kick.com/samutvv9
2025-07-13 22:06:30,284 - INFO - Configuración agregada para Bot_2: https://kick.com/samutvv9
2025-07-13 22:06:30,285 - INFO - Configuración agregada para Bot_3: https://kick.com/samutvv9
2025-07-13 22:06:30,286 - INFO - Configuración agregada para Bot_4: https://kick.com/samutvv9
2025-07-13 22:06:30,287 - INFO - Configuración agregada para Bot_5: https://kick.com/samutvv9
2025-07-13 22:06:30,290 - INFO - Configuración agregada para Bot_6: https://kick.com/samutvv9
2025-07-13 22:06:30,291 - INFO - Configuración agregada para Bot_7: https://kick.com/samutvv9
2025-07-13 22:06:30,292 - INFO - Configuración agregada para Bot_8: https://kick.com/samutvv9
2025-07-13 22:06:30,293 - INFO - Configuración agregada para Bot_9: https://kick.com/samutvv9
2025-07-13 22:06:30,293 - INFO - Configuración agregada para Bot_10: https://kick.com/samutvv9
2025-07-13 22:06:30,295 - INFO - 🚀 Iniciando 10 bots simultáneamente
2025-07-13 22:06:30,303 - INFO - 🚀 Iniciando Bot_1
2025-07-13 22:06:30,308 - INFO - 🚀 Iniciando Bot_2
2025-07-13 22:06:30,311 - INFO - 🚀 Iniciando Bot_3
2025-07-13 22:06:30,317 - INFO - 🚀 Iniciando Bot_4
2025-07-13 22:06:30,431 - INFO - 🚀 Iniciando Bot_5
2025-07-13 22:06:30,496 - INFO - 🚀 Iniciando Bot_6
2025-07-13 22:06:30,752 - INFO - 🚀 Iniciando Bot_7
2025-07-13 22:06:30,800 - INFO - 🚀 Iniciando Bot_8
2025-07-13 22:06:30,916 - INFO - 🚀 Iniciando Bot_9
2025-07-13 22:06:30,983 - INFO - 🚀 Iniciando Bot_10
2025-07-13 22:06:31,413 - INFO - Configurando Chromium...
2025-07-13 22:06:31,483 - INFO - ====== WebDriver manager ======
2025-07-13 22:06:31,669 - INFO - Configurando Chromium...
2025-07-13 22:06:31,729 - INFO - Configurando Chromium...
2025-07-13 22:06:31,849 - INFO - ====== WebDriver manager ======
2025-07-13 22:06:31,819 - INFO - ====== WebDriver manager ======
2025-07-13 22:06:31,832 - INFO - Configurando Chromium...
2025-07-13 22:06:31,841 - INFO - Configurando Chromium...
2025-07-13 22:06:31,891 - INFO - ====== WebDriver manager ======
2025-07-13 22:06:31,971 - INFO - Configurando Chromium...
2025-07-13 22:06:32,148 - INFO - ====== WebDriver manager ======
2025-07-13 22:06:32,145 - INFO - Configurando Chromium...
2025-07-13 22:06:32,027 - INFO - ====== WebDriver manager ======
2025-07-13 22:06:32,225 - INFO - ====== WebDriver manager ======
2025-07-13 22:06:32,548 - INFO - Configurando Chromium...
2025-07-13 22:06:32,548 - INFO - Configurando Chromium...
2025-07-13 22:06:32,560 - INFO - ====== WebDriver manager ======
2025-07-13 22:06:32,563 - INFO - ====== WebDriver manager ======
2025-07-13 22:06:32,566 - INFO - Configurando Chromium...
2025-07-13 22:06:32,572 - INFO - ====== WebDriver manager ======
2025-07-13 22:06:34,131 - INFO - Get LATEST chromedriver version for google-chrome
2025-07-13 22:06:34,182 - INFO - Get LATEST chromedriver version for google-chrome
2025-07-13 22:06:34,396 - INFO - Get LATEST chromedriver version for google-chrome
2025-07-13 22:06:34,397 - INFO - Get LATEST chromedriver version for google-chrome
2025-07-13 22:06:34,533 - INFO - Get LATEST chromedriver version for google-chrome
2025-07-13 22:06:34,567 - INFO - Driver [/home/samuel/.wdm/drivers/chromedriver/linux64/138.0.7204.94/chromedriver-linux64/chromedriver] found in cache
2025-07-13 22:06:34,570 - INFO - Driver [/home/samuel/.wdm/drivers/chromedriver/linux64/138.0.7204.94/chromedriver-linux64/chromedriver] found in cache
2025-07-13 22:06:34,611 - INFO - Get LATEST chromedriver version for google-chrome
2025-07-13 22:06:34,691 - INFO - Get LATEST chromedriver version for google-chrome
2025-07-13 22:06:34,720 - INFO - Get LATEST chromedriver version for google-chrome
2025-07-13 22:06:34,864 - INFO - Get LATEST chromedriver version for google-chrome
2025-07-13 22:06:34,880 - INFO - Get LATEST chromedriver version for google-chrome
2025-07-13 22:06:34,950 - INFO - Get LATEST chromedriver version for google-chrome
2025-07-13 22:06:34,997 - INFO - Driver [/home/samuel/.wdm/drivers/chromedriver/linux64/138.0.7204.94/chromedriver-linux64/chromedriver] found in cache
2025-07-13 22:06:35,110 - INFO - Get LATEST chromedriver version for google-chrome
2025-07-13 22:06:35,138 - INFO - Get LATEST chromedriver version for google-chrome
2025-07-13 22:06:35,154 - INFO - Driver [/home/samuel/.wdm/drivers/chromedriver/linux64/138.0.7204.94/chromedriver-linux64/chromedriver] found in cache
2025-07-13 22:06:35,235 - INFO - Driver [/home/samuel/.wdm/drivers/chromedriver/linux64/138.0.7204.94/chromedriver-linux64/chromedriver] found in cache
2025-07-13 22:06:35,317 - INFO - Get LATEST chromedriver version for google-chrome
2025-07-13 22:06:35,380 - INFO - Get LATEST chromedriver version for google-chrome
2025-07-13 22:06:35,430 - INFO - Get LATEST chromedriver version for google-chrome
2025-07-13 22:06:35,499 - INFO - Get LATEST chromedriver version for google-chrome
2025-07-13 22:06:35,559 - INFO - Get LATEST chromedriver version for google-chrome
2025-07-13 22:06:35,571 - INFO - Get LATEST chromedriver version for google-chrome
2025-07-13 22:06:35,645 - INFO - Driver [/home/samuel/.wdm/drivers/chromedriver/linux64/138.0.7204.94/chromedriver-linux64/chromedriver] found in cache
2025-07-13 22:06:35,675 - INFO - Driver [/home/samuel/.wdm/drivers/chromedriver/linux64/138.0.7204.94/chromedriver-linux64/chromedriver] found in cache
2025-07-13 22:06:35,778 - INFO - Driver [/home/samuel/.wdm/drivers/chromedriver/linux64/138.0.7204.94/chromedriver-linux64/chromedriver] found in cache
2025-07-13 22:06:35,792 - INFO - Driver [/home/samuel/.wdm/drivers/chromedriver/linux64/138.0.7204.94/chromedriver-linux64/chromedriver] found in cache
2025-07-13 22:06:35,795 - INFO - Get LATEST chromedriver version for google-chrome
2025-07-13 22:06:35,976 - INFO - Driver [/home/samuel/.wdm/drivers/chromedriver/linux64/138.0.7204.94/chromedriver-linux64/chromedriver] found in cache
2025-07-13 22:06:50,419 - INFO - Driver configurado exitosamente con chromium
2025-07-13 22:06:50,420 - INFO - Viendo stream: https://kick.com/samutvv9 sin login
2025-07-13 22:06:55,059 - INFO - Driver configurado exitosamente con chromium
2025-07-13 22:06:55,060 - INFO - Viendo stream: https://kick.com/samutvv9 sin login
2025-07-13 22:06:56,570 - INFO - Driver configurado exitosamente con chromium
2025-07-13 22:06:56,582 - INFO - Viendo stream: https://kick.com/samutvv9 sin login
2025-07-13 22:06:57,522 - INFO - Driver configurado exitosamente con chromium
2025-07-13 22:06:57,530 - INFO - Viendo stream: https://kick.com/samutvv9 sin login
2025-07-13 22:06:58,576 - INFO - Driver configurado exitosamente con chromium
2025-07-13 22:06:58,603 - INFO - Viendo stream: https://kick.com/samutvv9 sin login
2025-07-13 22:06:59,471 - INFO - Driver configurado exitosamente con chromium
2025-07-13 22:06:59,483 - INFO - Viendo stream: https://kick.com/samutvv9 sin login
2025-07-13 22:07:00,503 - INFO - Driver configurado exitosamente con chromium
2025-07-13 22:07:00,511 - INFO - Viendo stream: https://kick.com/samutvv9 sin login
2025-07-13 22:07:02,407 - INFO - Driver configurado exitosamente con chromium
2025-07-13 22:07:02,432 - INFO - Viendo stream: https://kick.com/samutvv9 sin login
2025-07-13 22:07:03,788 - INFO - Driver configurado exitosamente con chromium
2025-07-13 22:07:03,801 - INFO - Viendo stream: https://kick.com/samutvv9 sin login
2025-07-13 22:07:11,820 - INFO - Driver configurado exitosamente con chromium
2025-07-13 22:07:11,852 - INFO - Viendo stream: https://kick.com/samutvv9 sin login
2025-07-13 22:07:19,173 - WARNING - Stream no está en vivo o no se encontró el indicador
2025-07-13 22:07:21,265 - WARNING - Stream no está en vivo o no se encontró el indicador
2025-07-13 22:07:24,450 - WARNING - Stream no está en vivo o no se encontró el indicador
2025-07-13 22:07:24,989 - WARNING - Stream no está en vivo o no se encontró el indicador
2025-07-13 22:07:29,587 - WARNING - Stream no está en vivo o no se encontró el indicador
2025-07-13 22:07:30,011 - WARNING - Stream no está en vivo o no se encontró el indicador
2025-07-13 22:07:37,238 - WARNING - Stream no está en vivo o no se encontró el indicador
2025-07-13 22:07:38,940 - WARNING - Stream no está en vivo o no se encontró el indicador
2025-07-13 22:07:42,544 - WARNING - Stream no está en vivo o no se encontró el indicador
2025-07-13 22:07:44,442 - WARNING - Stream no está en vivo o no se encontró el indicador
2025-07-13 22:11:53,781 - ERROR - Error viendo stream: Message: invalid session id; For documentation on this error, please visit: https://www.selenium.dev/documentation/webdriver/troubleshooting/errors#invalidsessionidexception
Stacktrace:
#0 0x555e56f3b23a <unknown>
#1 0x555e569e5903 <unknown>
#2 0x555e56a28caf <unknown>
#3 0x555e56a5d0a6 <unknown>
#4 0x555e56a57ba7 <unknown>
#5 0x555e56a56ce5 <unknown>
#6 0x555e569ad928 <unknown>
#7 0x555e56effb4b <unknown>
#8 0x555e56f03929 <unknown>
#9 0x555e56ee6929 <unknown>
#10 0x555e56f044e8 <unknown>
#11 0x555e56ecb0df <unknown>
#12 0x555e569ab742 <unknown>
#13 0x7f9b60feb6b5 <unknown>
#14 0x7f9b60feb769 __libc_start_main
#15 0x555e56972e6a _start

2025-07-13 22:11:53,784 - INFO - ✅ Bot_4: Sesión completada
2025-07-13 22:11:53,935 - INFO - Driver cerrado
2025-07-13 22:11:53,936 - INFO - 🔚 Bot_4: Bot cerrado
2025-07-13 22:11:59,138 - ERROR - Error viendo stream: Message: invalid session id; For documentation on this error, please visit: https://www.selenium.dev/documentation/webdriver/troubleshooting/errors#invalidsessionidexception
Stacktrace:
#0 0x558ac496823a <unknown>
#1 0x558ac4412903 <unknown>
#2 0x558ac4455caf <unknown>
#3 0x558ac448a0a6 <unknown>
#4 0x558ac4484ba7 <unknown>
#5 0x558ac4483ce5 <unknown>
#6 0x558ac43da928 <unknown>
#7 0x558ac492cb4b <unknown>
#8 0x558ac4930929 <unknown>
#9 0x558ac4913929 <unknown>
#10 0x558ac49314e8 <unknown>
#11 0x558ac48f80df <unknown>
#12 0x558ac43d8742 <unknown>
#13 0x7fbe88da56b5 <unknown>
#14 0x7fbe88da5769 __libc_start_main
#15 0x558ac439fe6a _start

2025-07-13 22:11:59,138 - INFO - ✅ Bot_6: Sesión completada
2025-07-13 22:11:59,145 - INFO - Driver cerrado
2025-07-13 22:11:59,152 - INFO - 🔚 Bot_6: Bot cerrado
2025-07-13 22:11:59,440 - ERROR - Error viendo stream: Message: invalid session id; For documentation on this error, please visit: https://www.selenium.dev/documentation/webdriver/troubleshooting/errors#invalidsessionidexception
Stacktrace:
#0 0x558eb4fff23a <unknown>
#1 0x558eb4aa9903 <unknown>
#2 0x558eb4aeccaf <unknown>
#3 0x558eb4b210a6 <unknown>
#4 0x558eb4b1bba7 <unknown>
#5 0x558eb4b1ace5 <unknown>
#6 0x558eb4a71928 <unknown>
#7 0x558eb4fc3b4b <unknown>
#8 0x558eb4fc7929 <unknown>
#9 0x558eb4faa929 <unknown>
#10 0x558eb4fc84e8 <unknown>
#11 0x558eb4f8f0df <unknown>
#12 0x558eb4a6f742 <unknown>
#13 0x7f16117ff6b5 <unknown>
#14 0x7f16117ff769 __libc_start_main
#15 0x558eb4a36e6a _start

2025-07-13 22:11:59,441 - INFO - ✅ Bot_3: Sesión completada
2025-07-13 22:11:59,453 - INFO - Driver cerrado
2025-07-13 22:11:59,454 - INFO - 🔚 Bot_3: Bot cerrado
2025-07-13 22:12:04,162 - ERROR - Error viendo stream: Message: invalid session id; For documentation on this error, please visit: https://www.selenium.dev/documentation/webdriver/troubleshooting/errors#invalidsessionidexception
Stacktrace:
#0 0x559da768e23a <unknown>
#1 0x559da7138903 <unknown>
#2 0x559da717bcaf <unknown>
#3 0x559da71b00a6 <unknown>
#4 0x559da71aaba7 <unknown>
#5 0x559da71a9ce5 <unknown>
#6 0x559da7100928 <unknown>
#7 0x559da7652b4b <unknown>
#8 0x559da7656929 <unknown>
#9 0x559da7639929 <unknown>
#10 0x559da76574e8 <unknown>
#11 0x559da761e0df <unknown>
#12 0x559da70fe742 <unknown>
#13 0x7fd16e4246b5 <unknown>
#14 0x7fd16e424769 __libc_start_main
#15 0x559da70c5e6a _start

2025-07-13 22:12:04,166 - INFO - ✅ Bot_5: Sesión completada
2025-07-13 22:12:04,195 - INFO - Driver cerrado
2025-07-13 22:12:04,202 - INFO - 🔚 Bot_5: Bot cerrado
2025-07-13 22:12:19,589 - ERROR - Error viendo stream: Message: invalid session id; For documentation on this error, please visit: https://www.selenium.dev/documentation/webdriver/troubleshooting/errors#invalidsessionidexception
Stacktrace:
#0 0x55d30226923a <unknown>
#1 0x55d301d13903 <unknown>
#2 0x55d301d56caf <unknown>
#3 0x55d301d8b0a6 <unknown>
#4 0x55d301d85ba7 <unknown>
#5 0x55d301d84ce5 <unknown>
#6 0x55d301cdb928 <unknown>
#7 0x55d30222db4b <unknown>
#8 0x55d302231929 <unknown>
#9 0x55d302214929 <unknown>
#10 0x55d3022324e8 <unknown>
#11 0x55d3021f90df <unknown>
#12 0x55d301cd9742 <unknown>
#13 0x7f4ac107d6b5 <unknown>
#14 0x7f4ac107d769 __libc_start_main
#15 0x55d301ca0e6a _start

2025-07-13 22:12:19,590 - INFO - ✅ Bot_7: Sesión completada
2025-07-13 22:12:19,620 - INFO - Driver cerrado
2025-07-13 22:12:19,620 - INFO - 🔚 Bot_7: Bot cerrado
2025-07-13 22:12:26,147 - ERROR - Error viendo stream: Message: invalid session id; For documentation on this error, please visit: https://www.selenium.dev/documentation/webdriver/troubleshooting/errors#invalidsessionidexception
Stacktrace:
#0 0x564d7828a23a <unknown>
#1 0x564d77d34903 <unknown>
#2 0x564d77d77caf <unknown>
#3 0x564d77dac0a6 <unknown>
#4 0x564d77da6ba7 <unknown>
#5 0x564d77da5ce5 <unknown>
#6 0x564d77cfc928 <unknown>
#7 0x564d7824eb4b <unknown>
#8 0x564d78252929 <unknown>
#9 0x564d78235929 <unknown>
#10 0x564d782534e8 <unknown>
#11 0x564d7821a0df <unknown>
#12 0x564d77cfa742 <unknown>
#13 0x7fe34e58e6b5 <unknown>
#14 0x7fe34e58e769 __libc_start_main
#15 0x564d77cc1e6a _start

2025-07-13 22:12:26,148 - INFO - ✅ Bot_8: Sesión completada
2025-07-13 22:12:27,156 - INFO - Driver cerrado
2025-07-13 22:12:27,160 - INFO - 🔚 Bot_8: Bot cerrado
2025-07-13 22:12:30,594 - ERROR - Error viendo stream: Message: invalid session id: session deleted as the browser has closed the connection
from disconnected: not connected to DevTools
  (Session info: chrome=138.0.7204.92); For documentation on this error, please visit: https://www.selenium.dev/documentation/webdriver/troubleshooting/errors#invalidsessionidexception
Stacktrace:
#0 0x559b545e523a <unknown>
#1 0x559b5408fab0 <unknown>
#2 0x559b540766fe <unknown>
#3 0x559b5409e669 <unknown>
#4 0x559b5410f68f <unknown>
#5 0x559b5412c992 <unknown>
#6 0x559b54106f73 <unknown>
#7 0x559b540d3aeb <unknown>
#8 0x559b540d4751 <unknown>
#9 0x559b545a9b4b <unknown>
#10 0x559b545ad929 <unknown>
#11 0x559b54590929 <unknown>
#12 0x559b545ae4e8 <unknown>
#13 0x559b545750df <unknown>
#14 0x559b545d28e8 <unknown>
#15 0x559b545d2ac6 <unknown>
#16 0x559b545e4556 <unknown>
#17 0x7f7f83db97eb <unknown>
#18 0x7f7f83e3d18c <unknown>

2025-07-13 22:12:30,598 - INFO - ✅ Bot_10: Sesión completada
2025-07-13 22:12:30,675 - INFO - Driver cerrado
2025-07-13 22:12:30,677 - INFO - 🔚 Bot_10: Bot cerrado
2025-07-13 22:12:33,066 - ERROR - Error viendo stream: Message: invalid session id; For documentation on this error, please visit: https://www.selenium.dev/documentation/webdriver/troubleshooting/errors#invalidsessionidexception
Stacktrace:
#0 0x564693d1723a <unknown>
#1 0x5646937c1903 <unknown>
#2 0x564693804caf <unknown>
#3 0x5646938390a6 <unknown>
#4 0x564693833ba7 <unknown>
#5 0x564693832ce5 <unknown>
#6 0x564693789928 <unknown>
#7 0x564693cdbb4b <unknown>
#8 0x564693cdf929 <unknown>
#9 0x564693cc2929 <unknown>
#10 0x564693ce04e8 <unknown>
#11 0x564693ca70df <unknown>
#12 0x564693787742 <unknown>
#13 0x7f25968f96b5 <unknown>
#14 0x7f25968f9769 __libc_start_main
#15 0x56469374ee6a _start

2025-07-13 22:12:33,067 - INFO - ✅ Bot_1: Sesión completada
2025-07-13 22:12:33,080 - INFO - Driver cerrado
2025-07-13 22:12:33,080 - INFO - 🔚 Bot_1: Bot cerrado
2025-07-13 22:12:46,247 - ERROR - Error viendo stream: Message: invalid session id; For documentation on this error, please visit: https://www.selenium.dev/documentation/webdriver/troubleshooting/errors#invalidsessionidexception
Stacktrace:
#0 0x564dc7c1b23a <unknown>
#1 0x564dc76c5903 <unknown>
#2 0x564dc7708caf <unknown>
#3 0x564dc773d0a6 <unknown>
#4 0x564dc7737ba7 <unknown>
#5 0x564dc7736ce5 <unknown>
#6 0x564dc768d928 <unknown>
#7 0x564dc7bdfb4b <unknown>
#8 0x564dc7be3929 <unknown>
#9 0x564dc7bc6929 <unknown>
#10 0x564dc7be44e8 <unknown>
#11 0x564dc7bab0df <unknown>
#12 0x564dc768b742 <unknown>
#13 0x7f9d3e4736b5 <unknown>
#14 0x7f9d3e473769 __libc_start_main
#15 0x564dc7652e6a _start

2025-07-13 22:12:46,247 - INFO - ✅ Bot_2: Sesión completada
2025-07-13 22:12:46,258 - INFO - Driver cerrado
2025-07-13 22:12:46,260 - INFO - 🔚 Bot_2: Bot cerrado
2025-07-13 22:19:30,384 - ERROR - Error viendo stream: Message: invalid session id: session deleted as the browser has closed the connection
from disconnected: not connected to DevTools
  (Session info: chrome=138.0.7204.92); For documentation on this error, please visit: https://www.selenium.dev/documentation/webdriver/troubleshooting/errors#invalidsessionidexception
Stacktrace:
#0 0x561ea831823a <unknown>
#1 0x561ea7dc2ab0 <unknown>
#2 0x561ea7da96fe <unknown>
#3 0x561ea7dd1669 <unknown>
#4 0x561ea7e4268f <unknown>
#5 0x561ea7e5f992 <unknown>
#6 0x561ea7e39f73 <unknown>
#7 0x561ea7e06aeb <unknown>
#8 0x561ea7e07751 <unknown>
#9 0x561ea82dcb4b <unknown>
#10 0x561ea82e0929 <unknown>
#11 0x561ea82c3929 <unknown>
#12 0x561ea82e14e8 <unknown>
#13 0x561ea82a80df <unknown>
#14 0x561ea83058e8 <unknown>
#15 0x561ea8305ac6 <unknown>
#16 0x561ea8317556 <unknown>
#17 0x7f70c3e7f7eb <unknown>
#18 0x7f70c3f0318c <unknown>

2025-07-13 22:19:30,387 - INFO - ✅ Bot_9: Sesión completada
2025-07-13 22:19:30,440 - INFO - Driver cerrado
2025-07-13 22:19:30,440 - INFO - 🔚 Bot_9: Bot cerrado
2025-07-13 22:19:30,542 - INFO - 🎉 Todos los bots han terminado
